
**** Build of configuration Debug for project CPlusNet ****

make all 
Building file: ../BinaryReader.cpp
Invoking: GCC C++ Compiler
g++ -I../../icu/include -O0 -g3 -Wall -c -fmessage-length=0 -MMD -MP -MF"BinaryReader.d" -MT"BinaryReader.d" -o "BinaryReader.o" "../BinaryReader.cpp"
Finished building: ../BinaryReader.cpp
 
Building file: ../BinaryWriter.cpp
Invoking: GCC C++ Compiler
g++ -I../../icu/include -O0 -g3 -Wall -c -fmessage-length=0 -MMD -MP -MF"BinaryWriter.d" -MT"BinaryWriter.d" -o "BinaryWriter.o" "../BinaryWriter.cpp"
Finished building: ../BinaryWriter.cpp
 
Building file: ../Console.cpp
Invoking: GCC C++ Compiler
g++ -I../../icu/include -O0 -g3 -Wall -c -fmessage-length=0 -MMD -MP -MF"Console.d" -MT"Console.d" -o "Console.o" "../Console.cpp"
Finished building: ../Console.cpp
 
Building file: ../FileStream.cpp
Invoking: GCC C++ Compiler
g++ -I../../icu/include -O0 -g3 -Wall -c -fmessage-length=0 -MMD -MP -MF"FileStream.d" -MT"FileStream.d" -o "FileStream.o" "../FileStream.cpp"
../FileStream.cpp: In member function 'virtual void FileStream::Write(Array<unsigned char>, int, int)':
../FileStream.cpp:47:5: warning: unused variable 'dbg'
Finished building: ../FileStream.cpp
 
Building file: ../Stream.cpp
Invoking: GCC C++ Compiler
g++ -I../../icu/include -O0 -g3 -Wall -c -fmessage-length=0 -MMD -MP -MF"Stream.d" -MT"Stream.d" -o "Stream.o" "../Stream.cpp"
Finished building: ../Stream.cpp
 
Building file: ../StreamWriter.cpp
Invoking: GCC C++ Compiler
g++ -I../../icu/include -O0 -g3 -Wall -c -fmessage-length=0 -MMD -MP -MF"StreamWriter.d" -MT"StreamWriter.d" -o "StreamWriter.o" "../StreamWriter.cpp"
Finished building: ../StreamWriter.cpp
 
Building target: libCPlusNet.a
Invoking: GCC Archiver
ar -r  "libCPlusNet.a"  ./Assembly.o ./BinaryReader.o ./BinaryWriter.o ./Console.o ./FileStream.o ./RThread.o ./StdString.o ./Stream.o ./StreamWriter.o ./Thread.o   
C:\MinGW\bin\ar.exe: creating libCPlusNet.a
Finished building target: libCPlusNet.a
 

**** Build Finished ****
